2022-09-10 00:00:31.938  INFO 13156 --- [SpringApplicationShutdownHook] j.LocalContainerEntityManagerFactoryBean : Closing JPA EntityManagerFactory for persistence unit 'default'
2022-09-10 00:00:31.948  INFO 13156 --- [SpringApplicationShutdownHook] com.zaxxer.hikari.HikariDataSource       : HikariPool-1 - Shutdown initiated...
2022-09-10 00:00:31.963  INFO 13156 --- [SpringApplicationShutdownHook] com.zaxxer.hikari.HikariDataSource       : HikariPool-1 - Shutdown completed.
2022-09-10 00:00:40.617  INFO 10184 --- [restartedMain] c.e.b.BookStoreApplication               : Starting BookStoreApplication using Java 17.0.3 on DESKTOP-T25H6CF with PID 10184 (C:\Users\Admin\IdeaProjects\BookStoreApplication\target\classes started by Admin in C:\Users\Admin\IdeaProjects\BookStoreApplication)
2022-09-10 00:00:40.623  INFO 10184 --- [restartedMain] c.e.b.BookStoreApplication               : The following 1 profile is active: "dev"
2022-09-10 00:00:40.726  INFO 10184 --- [restartedMain] .e.DevToolsPropertyDefaultsPostProcessor : Devtools property defaults active! Set 'spring.devtools.add-properties' to 'false' to disable
2022-09-10 00:00:40.726  INFO 10184 --- [restartedMain] .e.DevToolsPropertyDefaultsPostProcessor : For additional web related logging consider setting the 'logging.level.web' property to 'DEBUG'
2022-09-10 00:00:42.051  INFO 10184 --- [restartedMain] .s.d.r.c.RepositoryConfigurationDelegate : Bootstrapping Spring Data JPA repositories in DEFAULT mode.
2022-09-10 00:00:42.154  INFO 10184 --- [restartedMain] .s.d.r.c.RepositoryConfigurationDelegate : Finished Spring Data repository scanning in 84 ms. Found 1 JPA repository interfaces.
2022-09-10 00:00:43.508  INFO 10184 --- [restartedMain] o.s.b.w.embedded.tomcat.TomcatWebServer  : Tomcat initialized with port(s): 8080 (http)
2022-09-10 00:00:43.531  INFO 10184 --- [restartedMain] o.apache.catalina.core.StandardService   : Starting service [Tomcat]
2022-09-10 00:00:43.532  INFO 10184 --- [restartedMain] org.apache.catalina.core.StandardEngine  : Starting Servlet engine: [Apache Tomcat/9.0.65]
2022-09-10 00:00:43.700  INFO 10184 --- [restartedMain] o.a.c.c.C.[Tomcat].[localhost].[/]       : Initializing Spring embedded WebApplicationContext
2022-09-10 00:00:43.700  INFO 10184 --- [restartedMain] w.s.c.ServletWebServerApplicationContext : Root WebApplicationContext: initialization completed in 2973 ms
2022-09-10 00:00:44.096  INFO 10184 --- [restartedMain] o.hibernate.jpa.internal.util.LogHelper  : HHH000204: Processing PersistenceUnitInfo [name: default]
2022-09-10 00:00:44.215  INFO 10184 --- [restartedMain] org.hibernate.Version                    : HHH000412: Hibernate ORM core version 5.6.10.Final
2022-09-10 00:00:44.591  INFO 10184 --- [restartedMain] o.hibernate.annotations.common.Version   : HCANN000001: Hibernate Commons Annotations {5.1.2.Final}
2022-09-10 00:00:44.793  INFO 10184 --- [restartedMain] com.zaxxer.hikari.HikariDataSource       : HikariPool-1 - Starting...
2022-09-10 00:00:45.417  INFO 10184 --- [restartedMain] com.zaxxer.hikari.HikariDataSource       : HikariPool-1 - Start completed.
2022-09-10 00:00:45.465  INFO 10184 --- [restartedMain] org.hibernate.dialect.Dialect            : HHH000400: Using dialect: org.hibernate.dialect.MySQL8Dialect
2022-09-10 00:00:46.603  INFO 10184 --- [restartedMain] o.h.e.t.j.p.i.JtaPlatformInitiator       : HHH000490: Using JtaPlatform implementation: [org.hibernate.engine.transaction.jta.platform.internal.NoJtaPlatform]
2022-09-10 00:00:46.625  INFO 10184 --- [restartedMain] j.LocalContainerEntityManagerFactoryBean : Initialized JPA EntityManagerFactory for persistence unit 'default'
2022-09-10 00:00:47.361  WARN 10184 --- [restartedMain] JpaBaseConfiguration$JpaWebConfiguration : spring.jpa.open-in-view is enabled by default. Therefore, database queries may be performed during view rendering. Explicitly configure spring.jpa.open-in-view to disable this warning
2022-09-10 00:00:47.819  WARN 10184 --- [restartedMain] ion$DefaultTemplateResolverConfiguration : Cannot find template location: classpath:/templates/ (please add some templates or check your Thymeleaf configuration)
2022-09-10 00:00:47.951  WARN 10184 --- [restartedMain] o.s.b.d.a.OptionalLiveReloadServer       : Unable to start LiveReload server
2022-09-10 00:00:48.019  INFO 10184 --- [restartedMain] o.s.b.w.embedded.tomcat.TomcatWebServer  : Tomcat started on port(s): 8080 (http) with context path ''
2022-09-10 00:00:48.033  INFO 10184 --- [restartedMain] c.e.b.BookStoreApplication               : Started BookStoreApplication in 8.184 seconds (JVM running for 9.017)
2022-09-10 00:00:48.041  INFO 10184 --- [restartedMain] c.e.b.BookStoreApplication               : Application Loaded Successfully.
2022-09-10 00:01:29.351  INFO 10184 --- [http-nio-8080-exec-1] o.a.c.c.C.[Tomcat].[localhost].[/]       : Initializing Spring DispatcherServlet 'dispatcherServlet'
2022-09-10 00:01:29.351  INFO 10184 --- [http-nio-8080-exec-1] o.s.web.servlet.DispatcherServlet        : Initializing Servlet 'dispatcherServlet'
2022-09-10 00:01:29.359  INFO 10184 --- [http-nio-8080-exec-1] o.s.web.servlet.DispatcherServlet        : Completed initialization in 8 ms
2022-09-10 00:19:27.680  INFO 10184 --- [SpringApplicationShutdownHook] j.LocalContainerEntityManagerFactoryBean : Closing JPA EntityManagerFactory for persistence unit 'default'
2022-09-10 00:19:27.692  INFO 10184 --- [SpringApplicationShutdownHook] com.zaxxer.hikari.HikariDataSource       : HikariPool-1 - Shutdown initiated...
2022-09-10 00:19:27.712  INFO 10184 --- [SpringApplicationShutdownHook] com.zaxxer.hikari.HikariDataSource       : HikariPool-1 - Shutdown completed.
2022-09-10 00:19:37.753  INFO 14068 --- [restartedMain] c.e.b.BookStoreApplication               : Starting BookStoreApplication using Java 17.0.3 on DESKTOP-T25H6CF with PID 14068 (C:\Users\Admin\IdeaProjects\BookStoreApplication\target\classes started by Admin in C:\Users\Admin\IdeaProjects\BookStoreApplication)
2022-09-10 00:19:37.756  INFO 14068 --- [restartedMain] c.e.b.BookStoreApplication               : The following 1 profile is active: "dev"
2022-09-10 00:19:37.877  INFO 14068 --- [restartedMain] .e.DevToolsPropertyDefaultsPostProcessor : Devtools property defaults active! Set 'spring.devtools.add-properties' to 'false' to disable
2022-09-10 00:19:37.877  INFO 14068 --- [restartedMain] .e.DevToolsPropertyDefaultsPostProcessor : For additional web related logging consider setting the 'logging.level.web' property to 'DEBUG'
2022-09-10 00:19:40.013  INFO 14068 --- [restartedMain] .s.d.r.c.RepositoryConfigurationDelegate : Bootstrapping Spring Data JPA repositories in DEFAULT mode.
2022-09-10 00:19:40.163  INFO 14068 --- [restartedMain] .s.d.r.c.RepositoryConfigurationDelegate : Finished Spring Data repository scanning in 121 ms. Found 1 JPA repository interfaces.
2022-09-10 00:19:42.094  INFO 14068 --- [restartedMain] o.s.b.w.embedded.tomcat.TomcatWebServer  : Tomcat initialized with port(s): 8080 (http)
2022-09-10 00:19:42.116  INFO 14068 --- [restartedMain] o.apache.catalina.core.StandardService   : Starting service [Tomcat]
2022-09-10 00:19:42.117  INFO 14068 --- [restartedMain] org.apache.catalina.core.StandardEngine  : Starting Servlet engine: [Apache Tomcat/9.0.65]
2022-09-10 00:19:42.267  INFO 14068 --- [restartedMain] o.a.c.c.C.[Tomcat].[localhost].[/]       : Initializing Spring embedded WebApplicationContext
2022-09-10 00:19:42.270  INFO 14068 --- [restartedMain] w.s.c.ServletWebServerApplicationContext : Root WebApplicationContext: initialization completed in 4389 ms
2022-09-10 00:19:42.559  INFO 14068 --- [restartedMain] o.hibernate.jpa.internal.util.LogHelper  : HHH000204: Processing PersistenceUnitInfo [name: default]
2022-09-10 00:19:42.660  INFO 14068 --- [restartedMain] org.hibernate.Version                    : HHH000412: Hibernate ORM core version 5.6.10.Final
2022-09-10 00:19:42.941  INFO 14068 --- [restartedMain] o.hibernate.annotations.common.Version   : HCANN000001: Hibernate Commons Annotations {5.1.2.Final}
2022-09-10 00:19:43.072  INFO 14068 --- [restartedMain] com.zaxxer.hikari.HikariDataSource       : HikariPool-1 - Starting...
2022-09-10 00:19:43.529  INFO 14068 --- [restartedMain] com.zaxxer.hikari.HikariDataSource       : HikariPool-1 - Start completed.
2022-09-10 00:19:43.577  INFO 14068 --- [restartedMain] org.hibernate.dialect.Dialect            : HHH000400: Using dialect: org.hibernate.dialect.MySQL8Dialect
2022-09-10 00:19:45.193  INFO 14068 --- [restartedMain] o.h.e.t.j.p.i.JtaPlatformInitiator       : HHH000490: Using JtaPlatform implementation: [org.hibernate.engine.transaction.jta.platform.internal.NoJtaPlatform]
2022-09-10 00:19:45.217  INFO 14068 --- [restartedMain] j.LocalContainerEntityManagerFactoryBean : Initialized JPA EntityManagerFactory for persistence unit 'default'
2022-09-10 00:19:46.174  WARN 14068 --- [restartedMain] JpaBaseConfiguration$JpaWebConfiguration : spring.jpa.open-in-view is enabled by default. Therefore, database queries may be performed during view rendering. Explicitly configure spring.jpa.open-in-view to disable this warning
2022-09-10 00:19:46.822  WARN 14068 --- [restartedMain] ion$DefaultTemplateResolverConfiguration : Cannot find template location: classpath:/templates/ (please add some templates or check your Thymeleaf configuration)
2022-09-10 00:19:47.031  WARN 14068 --- [restartedMain] o.s.b.d.a.OptionalLiveReloadServer       : Unable to start LiveReload server
2022-09-10 00:19:47.109  INFO 14068 --- [restartedMain] o.s.b.w.embedded.tomcat.TomcatWebServer  : Tomcat started on port(s): 8080 (http) with context path ''
2022-09-10 00:19:47.132  INFO 14068 --- [restartedMain] c.e.b.BookStoreApplication               : Started BookStoreApplication in 10.399 seconds (JVM running for 11.225)
2022-09-10 00:19:47.141  INFO 14068 --- [restartedMain] c.e.b.BookStoreApplication               : Application Loaded Successfully.
2022-09-10 00:20:37.040  INFO 14068 --- [http-nio-8080-exec-1] o.a.c.c.C.[Tomcat].[localhost].[/]       : Initializing Spring DispatcherServlet 'dispatcherServlet'
2022-09-10 00:20:37.040  INFO 14068 --- [http-nio-8080-exec-1] o.s.web.servlet.DispatcherServlet        : Initializing Servlet 'dispatcherServlet'
2022-09-10 00:20:37.043  INFO 14068 --- [http-nio-8080-exec-1] o.s.web.servlet.DispatcherServlet        : Completed initialization in 1 ms
2022-09-10 00:27:21.008  INFO 14068 --- [SpringApplicationShutdownHook] j.LocalContainerEntityManagerFactoryBean : Closing JPA EntityManagerFactory for persistence unit 'default'
2022-09-10 00:27:21.010  INFO 14068 --- [SpringApplicationShutdownHook] com.zaxxer.hikari.HikariDataSource       : HikariPool-1 - Shutdown initiated...
2022-09-10 00:27:21.029  INFO 14068 --- [SpringApplicationShutdownHook] com.zaxxer.hikari.HikariDataSource       : HikariPool-1 - Shutdown completed.
2022-09-10 00:27:29.572  INFO 12052 --- [restartedMain] c.e.b.BookStoreApplication               : Starting BookStoreApplication using Java 17.0.3 on DESKTOP-T25H6CF with PID 12052 (C:\Users\Admin\IdeaProjects\BookStoreApplication\target\classes started by Admin in C:\Users\Admin\IdeaProjects\BookStoreApplication)
2022-09-10 00:27:29.574  INFO 12052 --- [restartedMain] c.e.b.BookStoreApplication               : The following 1 profile is active: "dev"
2022-09-10 00:27:29.670  INFO 12052 --- [restartedMain] .e.DevToolsPropertyDefaultsPostProcessor : Devtools property defaults active! Set 'spring.devtools.add-properties' to 'false' to disable
2022-09-10 00:27:29.671  INFO 12052 --- [restartedMain] .e.DevToolsPropertyDefaultsPostProcessor : For additional web related logging consider setting the 'logging.level.web' property to 'DEBUG'
2022-09-10 00:27:30.864  INFO 12052 --- [restartedMain] .s.d.r.c.RepositoryConfigurationDelegate : Bootstrapping Spring Data JPA repositories in DEFAULT mode.
2022-09-10 00:27:30.968  INFO 12052 --- [restartedMain] .s.d.r.c.RepositoryConfigurationDelegate : Finished Spring Data repository scanning in 88 ms. Found 1 JPA repository interfaces.
2022-09-10 00:27:32.319  INFO 12052 --- [restartedMain] o.s.b.w.embedded.tomcat.TomcatWebServer  : Tomcat initialized with port(s): 8080 (http)
2022-09-10 00:27:32.344  INFO 12052 --- [restartedMain] o.apache.catalina.core.StandardService   : Starting service [Tomcat]
2022-09-10 00:27:32.346  INFO 12052 --- [restartedMain] org.apache.catalina.core.StandardEngine  : Starting Servlet engine: [Apache Tomcat/9.0.65]
2022-09-10 00:27:32.499  INFO 12052 --- [restartedMain] o.a.c.c.C.[Tomcat].[localhost].[/]       : Initializing Spring embedded WebApplicationContext
2022-09-10 00:27:32.500  INFO 12052 --- [restartedMain] w.s.c.ServletWebServerApplicationContext : Root WebApplicationContext: initialization completed in 2828 ms
2022-09-10 00:27:32.760  INFO 12052 --- [restartedMain] o.hibernate.jpa.internal.util.LogHelper  : HHH000204: Processing PersistenceUnitInfo [name: default]
2022-09-10 00:27:32.857  INFO 12052 --- [restartedMain] org.hibernate.Version                    : HHH000412: Hibernate ORM core version 5.6.10.Final
2022-09-10 00:27:33.149  INFO 12052 --- [restartedMain] o.hibernate.annotations.common.Version   : HCANN000001: Hibernate Commons Annotations {5.1.2.Final}
2022-09-10 00:27:33.290  INFO 12052 --- [restartedMain] com.zaxxer.hikari.HikariDataSource       : HikariPool-1 - Starting...
2022-09-10 00:27:33.810  INFO 12052 --- [restartedMain] com.zaxxer.hikari.HikariDataSource       : HikariPool-1 - Start completed.
2022-09-10 00:27:33.859  INFO 12052 --- [restartedMain] org.hibernate.dialect.Dialect            : HHH000400: Using dialect: org.hibernate.dialect.MySQL8Dialect
2022-09-10 00:27:35.323  INFO 12052 --- [restartedMain] o.h.e.t.j.p.i.JtaPlatformInitiator       : HHH000490: Using JtaPlatform implementation: [org.hibernate.engine.transaction.jta.platform.internal.NoJtaPlatform]
2022-09-10 00:27:35.336  INFO 12052 --- [restartedMain] j.LocalContainerEntityManagerFactoryBean : Initialized JPA EntityManagerFactory for persistence unit 'default'
2022-09-10 00:27:35.960  WARN 12052 --- [restartedMain] JpaBaseConfiguration$JpaWebConfiguration : spring.jpa.open-in-view is enabled by default. Therefore, database queries may be performed during view rendering. Explicitly configure spring.jpa.open-in-view to disable this warning
2022-09-10 00:27:36.403  WARN 12052 --- [restartedMain] ion$DefaultTemplateResolverConfiguration : Cannot find template location: classpath:/templates/ (please add some templates or check your Thymeleaf configuration)
2022-09-10 00:27:36.550  WARN 12052 --- [restartedMain] o.s.b.d.a.OptionalLiveReloadServer       : Unable to start LiveReload server
2022-09-10 00:27:36.615  INFO 12052 --- [restartedMain] o.s.b.w.embedded.tomcat.TomcatWebServer  : Tomcat started on port(s): 8080 (http) with context path ''
2022-09-10 00:27:36.643  INFO 12052 --- [restartedMain] c.e.b.BookStoreApplication               : Started BookStoreApplication in 7.749 seconds (JVM running for 8.589)
2022-09-10 00:27:36.650  INFO 12052 --- [restartedMain] c.e.b.BookStoreApplication               : Application Loaded Successfully.
2022-09-10 00:27:50.942  INFO 12052 --- [http-nio-8080-exec-2] o.a.c.c.C.[Tomcat].[localhost].[/]       : Initializing Spring DispatcherServlet 'dispatcherServlet'
2022-09-10 00:27:50.943  INFO 12052 --- [http-nio-8080-exec-2] o.s.web.servlet.DispatcherServlet        : Initializing Servlet 'dispatcherServlet'
2022-09-10 00:27:50.947  INFO 12052 --- [http-nio-8080-exec-2] o.s.web.servlet.DispatcherServlet        : Completed initialization in 3 ms
2022-09-10 00:29:43.384  INFO 12052 --- [SpringApplicationShutdownHook] j.LocalContainerEntityManagerFactoryBean : Closing JPA EntityManagerFactory for persistence unit 'default'
2022-09-10 00:29:43.389  INFO 12052 --- [SpringApplicationShutdownHook] com.zaxxer.hikari.HikariDataSource       : HikariPool-1 - Shutdown initiated...
2022-09-10 00:29:43.400  INFO 12052 --- [SpringApplicationShutdownHook] com.zaxxer.hikari.HikariDataSource       : HikariPool-1 - Shutdown completed.
2022-09-10 00:29:50.653  INFO 19732 --- [restartedMain] c.e.b.BookStoreApplication               : Starting BookStoreApplication using Java 17.0.3 on DESKTOP-T25H6CF with PID 19732 (C:\Users\Admin\IdeaProjects\BookStoreApplication\target\classes started by Admin in C:\Users\Admin\IdeaProjects\BookStoreApplication)
2022-09-10 00:29:50.656  INFO 19732 --- [restartedMain] c.e.b.BookStoreApplication               : The following 1 profile is active: "dev"
2022-09-10 00:29:50.766  INFO 19732 --- [restartedMain] .e.DevToolsPropertyDefaultsPostProcessor : Devtools property defaults active! Set 'spring.devtools.add-properties' to 'false' to disable
2022-09-10 00:29:50.767  INFO 19732 --- [restartedMain] .e.DevToolsPropertyDefaultsPostProcessor : For additional web related logging consider setting the 'logging.level.web' property to 'DEBUG'
2022-09-10 00:29:52.060  INFO 19732 --- [restartedMain] .s.d.r.c.RepositoryConfigurationDelegate : Bootstrapping Spring Data JPA repositories in DEFAULT mode.
2022-09-10 00:29:52.176  INFO 19732 --- [restartedMain] .s.d.r.c.RepositoryConfigurationDelegate : Finished Spring Data repository scanning in 90 ms. Found 1 JPA repository interfaces.
2022-09-10 00:29:53.423  INFO 19732 --- [restartedMain] o.s.b.w.embedded.tomcat.TomcatWebServer  : Tomcat initialized with port(s): 8080 (http)
2022-09-10 00:29:53.447  INFO 19732 --- [restartedMain] o.apache.catalina.core.StandardService   : Starting service [Tomcat]
2022-09-10 00:29:53.448  INFO 19732 --- [restartedMain] org.apache.catalina.core.StandardEngine  : Starting Servlet engine: [Apache Tomcat/9.0.65]
2022-09-10 00:29:53.599  INFO 19732 --- [restartedMain] o.a.c.c.C.[Tomcat].[localhost].[/]       : Initializing Spring embedded WebApplicationContext
2022-09-10 00:29:53.602  INFO 19732 --- [restartedMain] w.s.c.ServletWebServerApplicationContext : Root WebApplicationContext: initialization completed in 2834 ms
2022-09-10 00:29:53.878  INFO 19732 --- [restartedMain] o.hibernate.jpa.internal.util.LogHelper  : HHH000204: Processing PersistenceUnitInfo [name: default]
2022-09-10 00:29:53.976  INFO 19732 --- [restartedMain] org.hibernate.Version                    : HHH000412: Hibernate ORM core version 5.6.10.Final
2022-09-10 00:29:54.268  INFO 19732 --- [restartedMain] o.hibernate.annotations.common.Version   : HCANN000001: Hibernate Commons Annotations {5.1.2.Final}
2022-09-10 00:29:54.415  INFO 19732 --- [restartedMain] com.zaxxer.hikari.HikariDataSource       : HikariPool-1 - Starting...
2022-09-10 00:29:55.015  INFO 19732 --- [restartedMain] com.zaxxer.hikari.HikariDataSource       : HikariPool-1 - Start completed.
2022-09-10 00:29:55.066  INFO 19732 --- [restartedMain] org.hibernate.dialect.Dialect            : HHH000400: Using dialect: org.hibernate.dialect.MySQL8Dialect
2022-09-10 00:29:56.140  INFO 19732 --- [restartedMain] o.h.e.t.j.p.i.JtaPlatformInitiator       : HHH000490: Using JtaPlatform implementation: [org.hibernate.engine.transaction.jta.platform.internal.NoJtaPlatform]
2022-09-10 00:29:56.152  INFO 19732 --- [restartedMain] j.LocalContainerEntityManagerFactoryBean : Initialized JPA EntityManagerFactory for persistence unit 'default'
2022-09-10 00:29:56.752  WARN 19732 --- [restartedMain] JpaBaseConfiguration$JpaWebConfiguration : spring.jpa.open-in-view is enabled by default. Therefore, database queries may be performed during view rendering. Explicitly configure spring.jpa.open-in-view to disable this warning
2022-09-10 00:29:57.168  WARN 19732 --- [restartedMain] ion$DefaultTemplateResolverConfiguration : Cannot find template location: classpath:/templates/ (please add some templates or check your Thymeleaf configuration)
2022-09-10 00:29:57.309  WARN 19732 --- [restartedMain] o.s.b.d.a.OptionalLiveReloadServer       : Unable to start LiveReload server
2022-09-10 00:29:57.359  INFO 19732 --- [restartedMain] o.s.b.w.embedded.tomcat.TomcatWebServer  : Tomcat started on port(s): 8080 (http) with context path ''
2022-09-10 00:29:57.375  INFO 19732 --- [restartedMain] c.e.b.BookStoreApplication               : Started BookStoreApplication in 7.433 seconds (JVM running for 8.272)
2022-09-10 00:29:57.380  INFO 19732 --- [restartedMain] c.e.b.BookStoreApplication               : Application Loaded Successfully.
2022-09-10 00:40:51.997  INFO 19732 --- [http-nio-8080-exec-2] o.a.c.c.C.[Tomcat].[localhost].[/]       : Initializing Spring DispatcherServlet 'dispatcherServlet'
2022-09-10 00:40:51.997  INFO 19732 --- [http-nio-8080-exec-2] o.s.web.servlet.DispatcherServlet        : Initializing Servlet 'dispatcherServlet'
2022-09-10 00:40:52.001  INFO 19732 --- [http-nio-8080-exec-2] o.s.web.servlet.DispatcherServlet        : Completed initialization in 4 ms
2022-09-10 00:40:57.982  INFO 19732 --- [SpringApplicationShutdownHook] j.LocalContainerEntityManagerFactoryBean : Closing JPA EntityManagerFactory for persistence unit 'default'
2022-09-10 00:40:57.989  INFO 19732 --- [SpringApplicationShutdownHook] com.zaxxer.hikari.HikariDataSource       : HikariPool-1 - Shutdown initiated...
2022-09-10 00:40:58.010  INFO 19732 --- [SpringApplicationShutdownHook] com.zaxxer.hikari.HikariDataSource       : HikariPool-1 - Shutdown completed.
2022-09-10 00:41:03.608  INFO 17932 --- [restartedMain] c.e.b.BookStoreApplication               : Starting BookStoreApplication using Java 17.0.3 on DESKTOP-T25H6CF with PID 17932 (C:\Users\Admin\IdeaProjects\BookStoreApplication\target\classes started by Admin in C:\Users\Admin\IdeaProjects\BookStoreApplication)
2022-09-10 00:41:03.610  INFO 17932 --- [restartedMain] c.e.b.BookStoreApplication               : The following 1 profile is active: "dev"
2022-09-10 00:41:03.725  INFO 17932 --- [restartedMain] .e.DevToolsPropertyDefaultsPostProcessor : Devtools property defaults active! Set 'spring.devtools.add-properties' to 'false' to disable
2022-09-10 00:41:03.725  INFO 17932 --- [restartedMain] .e.DevToolsPropertyDefaultsPostProcessor : For additional web related logging consider setting the 'logging.level.web' property to 'DEBUG'
2022-09-10 00:41:05.060  INFO 17932 --- [restartedMain] .s.d.r.c.RepositoryConfigurationDelegate : Bootstrapping Spring Data JPA repositories in DEFAULT mode.
2022-09-10 00:41:05.154  INFO 17932 --- [restartedMain] .s.d.r.c.RepositoryConfigurationDelegate : Finished Spring Data repository scanning in 77 ms. Found 1 JPA repository interfaces.
2022-09-10 00:41:06.509  INFO 17932 --- [restartedMain] o.s.b.w.embedded.tomcat.TomcatWebServer  : Tomcat initialized with port(s): 8080 (http)
2022-09-10 00:41:06.528  INFO 17932 --- [restartedMain] o.apache.catalina.core.StandardService   : Starting service [Tomcat]
2022-09-10 00:41:06.528  INFO 17932 --- [restartedMain] org.apache.catalina.core.StandardEngine  : Starting Servlet engine: [Apache Tomcat/9.0.65]
2022-09-10 00:41:06.744  INFO 17932 --- [restartedMain] o.a.c.c.C.[Tomcat].[localhost].[/]       : Initializing Spring embedded WebApplicationContext
2022-09-10 00:41:06.746  INFO 17932 --- [restartedMain] w.s.c.ServletWebServerApplicationContext : Root WebApplicationContext: initialization completed in 3017 ms
2022-09-10 00:41:07.060  INFO 17932 --- [restartedMain] o.hibernate.jpa.internal.util.LogHelper  : HHH000204: Processing PersistenceUnitInfo [name: default]
2022-09-10 00:41:07.160  INFO 17932 --- [restartedMain] org.hibernate.Version                    : HHH000412: Hibernate ORM core version 5.6.10.Final
2022-09-10 00:41:07.494  INFO 17932 --- [restartedMain] o.hibernate.annotations.common.Version   : HCANN000001: Hibernate Commons Annotations {5.1.2.Final}
2022-09-10 00:41:07.881  INFO 17932 --- [restartedMain] com.zaxxer.hikari.HikariDataSource       : HikariPool-1 - Starting...
2022-09-10 00:41:08.858  INFO 17932 --- [restartedMain] com.zaxxer.hikari.HikariDataSource       : HikariPool-1 - Start completed.
2022-09-10 00:41:08.948  INFO 17932 --- [restartedMain] org.hibernate.dialect.Dialect            : HHH000400: Using dialect: org.hibernate.dialect.MySQL8Dialect
2022-09-10 00:41:10.407  INFO 17932 --- [restartedMain] o.h.e.t.j.p.i.JtaPlatformInitiator       : HHH000490: Using JtaPlatform implementation: [org.hibernate.engine.transaction.jta.platform.internal.NoJtaPlatform]
2022-09-10 00:41:10.421  INFO 17932 --- [restartedMain] j.LocalContainerEntityManagerFactoryBean : Initialized JPA EntityManagerFactory for persistence unit 'default'
2022-09-10 00:41:11.112  WARN 17932 --- [restartedMain] JpaBaseConfiguration$JpaWebConfiguration : spring.jpa.open-in-view is enabled by default. Therefore, database queries may be performed during view rendering. Explicitly configure spring.jpa.open-in-view to disable this warning
2022-09-10 00:41:11.542  WARN 17932 --- [restartedMain] ion$DefaultTemplateResolverConfiguration : Cannot find template location: classpath:/templates/ (please add some templates or check your Thymeleaf configuration)
2022-09-10 00:41:11.668  WARN 17932 --- [restartedMain] o.s.b.d.a.OptionalLiveReloadServer       : Unable to start LiveReload server
2022-09-10 00:41:11.717  INFO 17932 --- [restartedMain] o.s.b.w.embedded.tomcat.TomcatWebServer  : Tomcat started on port(s): 8080 (http) with context path ''
2022-09-10 00:41:11.734  INFO 17932 --- [restartedMain] c.e.b.BookStoreApplication               : Started BookStoreApplication in 9.153 seconds (JVM running for 10.348)
2022-09-10 00:41:11.739  INFO 17932 --- [restartedMain] c.e.b.BookStoreApplication               : Application Loaded Successfully.
2022-09-10 00:41:15.981  INFO 17932 --- [SpringApplicationShutdownHook] j.LocalContainerEntityManagerFactoryBean : Closing JPA EntityManagerFactory for persistence unit 'default'
2022-09-10 00:41:15.986  INFO 17932 --- [SpringApplicationShutdownHook] com.zaxxer.hikari.HikariDataSource       : HikariPool-1 - Shutdown initiated...
2022-09-10 00:41:16.002  INFO 17932 --- [SpringApplicationShutdownHook] com.zaxxer.hikari.HikariDataSource       : HikariPool-1 - Shutdown completed.
2022-09-10 00:41:20.454  INFO 14564 --- [restartedMain] c.e.b.BookStoreApplication               : Starting BookStoreApplication using Java 17.0.3 on DESKTOP-T25H6CF with PID 14564 (C:\Users\Admin\IdeaProjects\BookStoreApplication\target\classes started by Admin in C:\Users\Admin\IdeaProjects\BookStoreApplication)
2022-09-10 00:41:20.459  INFO 14564 --- [restartedMain] c.e.b.BookStoreApplication               : The following 1 profile is active: "dev"
2022-09-10 00:41:20.553  INFO 14564 --- [restartedMain] .e.DevToolsPropertyDefaultsPostProcessor : Devtools property defaults active! Set 'spring.devtools.add-properties' to 'false' to disable
2022-09-10 00:41:20.553  INFO 14564 --- [restartedMain] .e.DevToolsPropertyDefaultsPostProcessor : For additional web related logging consider setting the 'logging.level.web' property to 'DEBUG'
2022-09-10 00:41:21.806  INFO 14564 --- [restartedMain] .s.d.r.c.RepositoryConfigurationDelegate : Bootstrapping Spring Data JPA repositories in DEFAULT mode.
2022-09-10 00:41:21.908  INFO 14564 --- [restartedMain] .s.d.r.c.RepositoryConfigurationDelegate : Finished Spring Data repository scanning in 83 ms. Found 1 JPA repository interfaces.
2022-09-10 00:41:23.180  INFO 14564 --- [restartedMain] o.s.b.w.embedded.tomcat.TomcatWebServer  : Tomcat initialized with port(s): 8080 (http)
2022-09-10 00:41:23.202  INFO 14564 --- [restartedMain] o.apache.catalina.core.StandardService   : Starting service [Tomcat]
2022-09-10 00:41:23.202  INFO 14564 --- [restartedMain] org.apache.catalina.core.StandardEngine  : Starting Servlet engine: [Apache Tomcat/9.0.65]
2022-09-10 00:41:23.350  INFO 14564 --- [restartedMain] o.a.c.c.C.[Tomcat].[localhost].[/]       : Initializing Spring embedded WebApplicationContext
2022-09-10 00:41:23.352  INFO 14564 --- [restartedMain] w.s.c.ServletWebServerApplicationContext : Root WebApplicationContext: initialization completed in 2797 ms
2022-09-10 00:41:23.615  INFO 14564 --- [restartedMain] o.hibernate.jpa.internal.util.LogHelper  : HHH000204: Processing PersistenceUnitInfo [name: default]
2022-09-10 00:41:23.727  INFO 14564 --- [restartedMain] org.hibernate.Version                    : HHH000412: Hibernate ORM core version 5.6.10.Final
2022-09-10 00:41:24.033  INFO 14564 --- [restartedMain] o.hibernate.annotations.common.Version   : HCANN000001: Hibernate Commons Annotations {5.1.2.Final}
2022-09-10 00:41:24.232  INFO 14564 --- [restartedMain] com.zaxxer.hikari.HikariDataSource       : HikariPool-1 - Starting...
2022-09-10 00:41:24.751  INFO 14564 --- [restartedMain] com.zaxxer.hikari.HikariDataSource       : HikariPool-1 - Start completed.
2022-09-10 00:41:24.805  INFO 14564 --- [restartedMain] org.hibernate.dialect.Dialect            : HHH000400: Using dialect: org.hibernate.dialect.MySQL8Dialect
2022-09-10 00:41:25.800  INFO 14564 --- [restartedMain] o.h.e.t.j.p.i.JtaPlatformInitiator       : HHH000490: Using JtaPlatform implementation: [org.hibernate.engine.transaction.jta.platform.internal.NoJtaPlatform]
2022-09-10 00:41:25.814  INFO 14564 --- [restartedMain] j.LocalContainerEntityManagerFactoryBean : Initialized JPA EntityManagerFactory for persistence unit 'default'
2022-09-10 00:41:26.452  WARN 14564 --- [restartedMain] JpaBaseConfiguration$JpaWebConfiguration : spring.jpa.open-in-view is enabled by default. Therefore, database queries may be performed during view rendering. Explicitly configure spring.jpa.open-in-view to disable this warning
2022-09-10 00:41:26.893  WARN 14564 --- [restartedMain] ion$DefaultTemplateResolverConfiguration : Cannot find template location: classpath:/templates/ (please add some templates or check your Thymeleaf configuration)
2022-09-10 00:41:27.031  WARN 14564 --- [restartedMain] o.s.b.d.a.OptionalLiveReloadServer       : Unable to start LiveReload server
2022-09-10 00:41:27.085  INFO 14564 --- [restartedMain] o.s.b.w.embedded.tomcat.TomcatWebServer  : Tomcat started on port(s): 8080 (http) with context path ''
2022-09-10 00:41:27.099  INFO 14564 --- [restartedMain] c.e.b.BookStoreApplication               : Started BookStoreApplication in 7.399 seconds (JVM running for 8.359)
2022-09-10 00:41:27.102  INFO 14564 --- [restartedMain] c.e.b.BookStoreApplication               : Application Loaded Successfully.
2022-09-10 00:41:31.427  INFO 14564 --- [http-nio-8080-exec-2] o.a.c.c.C.[Tomcat].[localhost].[/]       : Initializing Spring DispatcherServlet 'dispatcherServlet'
2022-09-10 00:41:31.428  INFO 14564 --- [http-nio-8080-exec-2] o.s.web.servlet.DispatcherServlet        : Initializing Servlet 'dispatcherServlet'
2022-09-10 00:41:31.431  INFO 14564 --- [http-nio-8080-exec-2] o.s.web.servlet.DispatcherServlet        : Completed initialization in 2 ms
2022-09-10 00:43:50.477  INFO 14564 --- [SpringApplicationShutdownHook] j.LocalContainerEntityManagerFactoryBean : Closing JPA EntityManagerFactory for persistence unit 'default'
2022-09-10 00:43:50.483  INFO 14564 --- [SpringApplicationShutdownHook] com.zaxxer.hikari.HikariDataSource       : HikariPool-1 - Shutdown initiated...
2022-09-10 00:43:50.495  INFO 14564 --- [SpringApplicationShutdownHook] com.zaxxer.hikari.HikariDataSource       : HikariPool-1 - Shutdown completed.
2022-09-10 00:44:00.093  INFO 12192 --- [restartedMain] c.e.b.BookStoreApplication               : Starting BookStoreApplication using Java 17.0.3 on DESKTOP-T25H6CF with PID 12192 (C:\Users\Admin\IdeaProjects\BookStoreApplication\target\classes started by Admin in C:\Users\Admin\IdeaProjects\BookStoreApplication)
2022-09-10 00:44:00.098  INFO 12192 --- [restartedMain] c.e.b.BookStoreApplication               : The following 1 profile is active: "dev"
2022-09-10 00:44:00.235  INFO 12192 --- [restartedMain] .e.DevToolsPropertyDefaultsPostProcessor : Devtools property defaults active! Set 'spring.devtools.add-properties' to 'false' to disable
2022-09-10 00:44:00.236  INFO 12192 --- [restartedMain] .e.DevToolsPropertyDefaultsPostProcessor : For additional web related logging consider setting the 'logging.level.web' property to 'DEBUG'
2022-09-10 00:44:01.735  INFO 12192 --- [restartedMain] .s.d.r.c.RepositoryConfigurationDelegate : Bootstrapping Spring Data JPA repositories in DEFAULT mode.
2022-09-10 00:44:01.885  INFO 12192 --- [restartedMain] .s.d.r.c.RepositoryConfigurationDelegate : Finished Spring Data repository scanning in 135 ms. Found 1 JPA repository interfaces.
2022-09-10 00:44:03.198  INFO 12192 --- [restartedMain] o.s.b.w.embedded.tomcat.TomcatWebServer  : Tomcat initialized with port(s): 8080 (http)
2022-09-10 00:44:03.223  INFO 12192 --- [restartedMain] o.apache.catalina.core.StandardService   : Starting service [Tomcat]
2022-09-10 00:44:03.223  INFO 12192 --- [restartedMain] org.apache.catalina.core.StandardEngine  : Starting Servlet engine: [Apache Tomcat/9.0.65]
2022-09-10 00:44:03.370  INFO 12192 --- [restartedMain] o.a.c.c.C.[Tomcat].[localhost].[/]       : Initializing Spring embedded WebApplicationContext
2022-09-10 00:44:03.371  INFO 12192 --- [restartedMain] w.s.c.ServletWebServerApplicationContext : Root WebApplicationContext: initialization completed in 3134 ms
2022-09-10 00:44:03.649  INFO 12192 --- [restartedMain] o.hibernate.jpa.internal.util.LogHelper  : HHH000204: Processing PersistenceUnitInfo [name: default]
2022-09-10 00:44:03.724  INFO 12192 --- [restartedMain] org.hibernate.Version                    : HHH000412: Hibernate ORM core version 5.6.10.Final
2022-09-10 00:44:03.997  INFO 12192 --- [restartedMain] o.hibernate.annotations.common.Version   : HCANN000001: Hibernate Commons Annotations {5.1.2.Final}
2022-09-10 00:44:04.133  INFO 12192 --- [restartedMain] com.zaxxer.hikari.HikariDataSource       : HikariPool-1 - Starting...
2022-09-10 00:44:04.642  INFO 12192 --- [restartedMain] com.zaxxer.hikari.HikariDataSource       : HikariPool-1 - Start completed.
2022-09-10 00:44:04.693  INFO 12192 --- [restartedMain] org.hibernate.dialect.Dialect            : HHH000400: Using dialect: org.hibernate.dialect.MySQL8Dialect
2022-09-10 00:44:05.736  INFO 12192 --- [restartedMain] o.h.e.t.j.p.i.JtaPlatformInitiator       : HHH000490: Using JtaPlatform implementation: [org.hibernate.engine.transaction.jta.platform.internal.NoJtaPlatform]
2022-09-10 00:44:05.747  INFO 12192 --- [restartedMain] j.LocalContainerEntityManagerFactoryBean : Initialized JPA EntityManagerFactory for persistence unit 'default'
2022-09-10 00:44:06.417  WARN 12192 --- [restartedMain] JpaBaseConfiguration$JpaWebConfiguration : spring.jpa.open-in-view is enabled by default. Therefore, database queries may be performed during view rendering. Explicitly configure spring.jpa.open-in-view to disable this warning
2022-09-10 00:44:06.878  WARN 12192 --- [restartedMain] ion$DefaultTemplateResolverConfiguration : Cannot find template location: classpath:/templates/ (please add some templates or check your Thymeleaf configuration)
2022-09-10 00:44:07.014  WARN 12192 --- [restartedMain] o.s.b.d.a.OptionalLiveReloadServer       : Unable to start LiveReload server
2022-09-10 00:44:07.065  INFO 12192 --- [restartedMain] o.s.b.w.embedded.tomcat.TomcatWebServer  : Tomcat started on port(s): 8080 (http) with context path ''
2022-09-10 00:44:07.082  INFO 12192 --- [restartedMain] c.e.b.BookStoreApplication               : Started BookStoreApplication in 8.058 seconds (JVM running for 9.272)
2022-09-10 00:44:07.089  INFO 12192 --- [restartedMain] c.e.b.BookStoreApplication               : Application Loaded Successfully.
2022-09-10 00:44:13.077  INFO 12192 --- [http-nio-8080-exec-1] o.a.c.c.C.[Tomcat].[localhost].[/]       : Initializing Spring DispatcherServlet 'dispatcherServlet'
2022-09-10 00:44:13.084  INFO 12192 --- [http-nio-8080-exec-1] o.s.web.servlet.DispatcherServlet        : Initializing Servlet 'dispatcherServlet'
2022-09-10 00:44:13.087  INFO 12192 --- [http-nio-8080-exec-1] o.s.web.servlet.DispatcherServlet        : Completed initialization in 3 ms
2022-09-10 00:56:18.556  INFO 12192 --- [SpringApplicationShutdownHook] j.LocalContainerEntityManagerFactoryBean : Closing JPA EntityManagerFactory for persistence unit 'default'
2022-09-10 00:56:18.560  INFO 12192 --- [SpringApplicationShutdownHook] com.zaxxer.hikari.HikariDataSource       : HikariPool-1 - Shutdown initiated...
2022-09-10 00:56:18.571  INFO 12192 --- [SpringApplicationShutdownHook] com.zaxxer.hikari.HikariDataSource       : HikariPool-1 - Shutdown completed.
